<?xml version="1.0" encoding="UTF-8"?>
<!-- Generated by org.testng.reporters.JUnitReportReporter -->
<testsuite hostname="Akhilesh" failures="0" tests="1" name="nuixc.testSuite.DivideTests" time="0.601" errors="0" timestamp="24 Mar 2024 21:57:42 GMT" skipped="0">
  <testcase classname="nuixc.testSuite.DivideTests" name="testDivideByZero" time="0.601"/>
</testsuite> <!-- nuixc.testSuite.DivideTests -->
