<?xml version="1.0" encoding="UTF-8"?>
<!-- Generated by org.testng.reporters.JUnitReportReporter -->
<testsuite hostname="Akhilesh" failures="0" tests="1" name="nuixc.testSuite.AdditionTests" time="1.412" errors="0" timestamp="25 Mar 2024 01:47:44 GMT" skipped="0">
  <testcase classname="nuixc.testSuite.AdditionTests" name="testLatestOperator" time="1.412"/>
</testsuite> <!-- nuixc.testSuite.AdditionTests -->
