<?xml version="1.0" encoding="UTF-8"?>
<!-- Generated by org.testng.reporters.JUnitReportReporter -->
<testsuite hostname="Akhilesh" failures="0" tests="1" name="nuixc.testSuite.CaluclatorTests" time="1.368" errors="0" timestamp="24 Mar 2024 19:52:23 GMT" skipped="0">
  <testcase classname="nuixc.testSuite.CaluclatorTests" name="testAddition" time="1.368"/>
</testsuite> <!-- nuixc.testSuite.CaluclatorTests -->
