<?xml version="1.0" encoding="UTF-8"?>
<!-- Generated by org.testng.reporters.JUnitReportReporter -->
<testsuite hostname="Akhilesh" failures="0" tests="1" name="nuixc.testSuite.DivisionTests" time="8.418" errors="0" timestamp="25 Mar 2024 01:20:32 GMT" skipped="0">
  <testcase classname="nuixc.testSuite.DivisionTests" name="testDivisionNumberByZero" time="8.418"/>
</testsuite> <!-- nuixc.testSuite.DivisionTests -->
