<?xml version="1.0" encoding="UTF-8"?>
<!-- Generated by org.testng.reporters.JUnitReportReporter -->
<testsuite hostname="Akhilesh" failures="1" tests="13" name="nuixc.testSuite.SubtractionTest" time="52.647" errors="0" timestamp="24 Mar 2024 21:30:41 GMT" skipped="0">
  <testcase classname="nuixc.testSuite.SubtractionTest" name="testMaxLongNegativeValue" time="0.000"/>
  <testcase classname="nuixc.testSuite.SubtractionTest" name="testNumbersWithFractions" time="0.408"/>
  <testcase classname="nuixc.testSuite.SubtractionTest" name="testNegativeNumbers" time="0.401"/>
  <testcase classname="nuixc.testSuite.SubtractionTest" name="testMaxIntNegativeValue" time="0.000"/>
  <testcase classname="nuixc.testSuite.SubtractionTest" name="verify10digitNumberNotAcceptable" time="0.515"/>
  <testcase classname="nuixc.testSuite.SubtractionTest" name="testMaximumDisplayNumbers" time="43.284"/>
  <testcase classname="nuixc.testSuite.SubtractionTest" name="testSubtractionOfPositiveNumberWithZero" time="0.269"/>
  <testcase classname="nuixc.testSuite.SubtractionTest" name="test9digitNumbers" time="5.069"/>
  <testcase classname="nuixc.testSuite.SubtractionTest" name="testTwoNumbers" time="0.202"/>
  <testcase classname="nuixc.testSuite.SubtractionTest" name="testSubtractionOfNegativeNumberWithZero" time="0.321">
    <failure message="[Expected and Actual results doesn&#039;t matched.] 
expected: -14
 but was: 0" type="java.lang.AssertionError">
      <![CDATA[java.lang.AssertionError: [Expected and Actual results doesn't matched.] 
expected: -14
 but was: 0
at nuixc.testSuite.SubtractionTest.testSubtractionOfNegativeNumberWithZero(SubtractionTest.java:254)
at java.base/jdk.internal.reflect.NativeMethodAccessorImpl.invoke0(Native Method)
at java.base/jdk.internal.reflect.NativeMethodAccessorImpl.invoke(NativeMethodAccessorImpl.java:77)
at java.base/jdk.internal.reflect.DelegatingMethodAccessorImpl.invoke(DelegatingMethodAccessorImpl.java:43)
at java.base/java.lang.reflect.Method.invoke(Method.java:568)
at org.testng.internal.MethodInvocationHelper.invokeMethod(MethodInvocationHelper.java:124)
at org.testng.internal.Invoker.invokeMethod(Invoker.java:583)
at org.testng.internal.Invoker.invokeTestMethod(Invoker.java:719)
at org.testng.internal.Invoker.invokeTestMethods(Invoker.java:989)
at org.testng.internal.TestMethodWorker.invokeTestMethods(TestMethodWorker.java:125)
at org.testng.internal.TestMethodWorker.run(TestMethodWorker.java:109)
at org.testng.TestRunner.privateRun(TestRunner.java:648)
at org.testng.TestRunner.run(TestRunner.java:505)
at org.testng.SuiteRunner.runTest(SuiteRunner.java:455)
at org.testng.SuiteRunner.runSequentially(SuiteRunner.java:450)
at org.testng.SuiteRunner.privateRun(SuiteRunner.java:415)
at org.testng.SuiteRunner.run(SuiteRunner.java:364)
at org.testng.SuiteRunnerWorker.runSuite(SuiteRunnerWorker.java:52)
at org.testng.SuiteRunnerWorker.run(SuiteRunnerWorker.java:84)
at org.testng.TestNG.runSuitesSequentially(TestNG.java:1208)
at org.testng.TestNG.runSuitesLocally(TestNG.java:1137)
at org.testng.TestNG.runSuites(TestNG.java:1049)
at org.testng.TestNG.run(TestNG.java:1017)
at org.testng.remote.AbstractRemoteTestNG.run(AbstractRemoteTestNG.java:115)
at org.testng.remote.RemoteTestNG.initAndRun(RemoteTestNG.java:251)
at org.testng.remote.RemoteTestNG.main(RemoteTestNG.java:77)
]]>
    </failure>
  </testcase> <!-- testSubtractionOfNegativeNumberWithZero -->
  <testcase classname="nuixc.testSuite.SubtractionTest" name="testMultipleNumbers" time="0.878"/>
  <testcase classname="nuixc.testSuite.SubtractionTest" name="testNegativeNumbersWithPositiveNumber" time="0.383"/>
  <testcase classname="nuixc.testSuite.SubtractionTest" name="testTwoSmallNumbers" time="0.917"/>
</testsuite> <!-- nuixc.testSuite.SubtractionTest -->
